24 19 0 5 25 15 1 13 0 0 1 0 20000000 12 15 -1 16 35 13 0 0 1 13 0 0 1 11 0 1 2 12 15 -1 15 0 13 0 0 1 11 18 18 15 -1 21 -1

//program start
24          : LDARGS
19 0 5      : CALL  0 5
25          : STOP

//main
15          : INCSP 1
13          : GETBP
0           : CSTI 0
1           : ADD
0 20000000  : CSTI 20000000
12          : STI
15          : INCSP -1       
16          : GOTO 35          
13          : GETBP
0           : CSTI 0     
1           : ADD
13          : GETBP
0           : CSTI 0
1           : ADD
11          : LDI
0           : CSTI 1
2           : SUB
12          : STI
15          : INCSP -1
15          : INCSP 0
13          : GETBP
0           : CSTI 0
1           : ADD
11          : LDI
18          : IFNZRO 18
15          : INCSP -1
21          : RET -1
